CRITICAL - 2020-07-28 06:31:12 --> Class 'App\Controllers\Secure_Controller' not found
#0 /home/francois/Desktop/Top SNES tracks/snestopBitBucket/snestop/site/snestop/vendor/codeigniter4/framework/system/Router/Router.php(575): include_once()
#1 /home/francois/Desktop/Top SNES tracks/snestopBitBucket/snestop/site/snestop/vendor/codeigniter4/framework/system/Router/Router.php(192): CodeIgniter\Router\Router->autoRoute()
#2 /home/francois/Desktop/Top SNES tracks/snestopBitBucket/snestop/site/snestop/vendor/codeigniter4/framework/system/CodeIgniter.php(789): CodeIgniter\Router\Router->handle()
#3 /home/francois/Desktop/Top SNES tracks/snestopBitBucket/snestop/site/snestop/vendor/codeigniter4/framework/system/CodeIgniter.php(360): CodeIgniter\CodeIgniter->tryToRouteIt()
#4 /home/francois/Desktop/Top SNES tracks/snestopBitBucket/snestop/site/snestop/vendor/codeigniter4/framework/system/CodeIgniter.php(308): CodeIgniter\CodeIgniter->handleRequest()
#5 /home/francois/Desktop/Top SNES tracks/snestopBitBucket/snestop/site/snestop/public/index.php(45): CodeIgniter\CodeIgniter->run()
#6 /home/francois/Desktop/Top SNES tracks/snestopBitBucket/snestop/site/snestop/vendor/codeigniter4/framework/system/Commands/Server/rewrite.php(34): require_once('/home/francois/...')
#7 {main}
CRITICAL - 2020-07-28 06:31:43 --> Undefined property: App\Controllers\Duelz_History::$Duel_Result_model
#0 /home/francois/Desktop/Top SNES tracks/snestopBitBucket/snestop/site/snestop/app/Controllers/Duelz_history.php(12): CodeIgniter\Debug\Exceptions->errorHandler()
#1 /home/francois/Desktop/Top SNES tracks/snestopBitBucket/snestop/site/snestop/vendor/codeigniter4/framework/system/CodeIgniter.php(914): App\Controllers\Duelz_History->index()
#2 /home/francois/Desktop/Top SNES tracks/snestopBitBucket/snestop/site/snestop/vendor/codeigniter4/framework/system/CodeIgniter.php(400): CodeIgniter\CodeIgniter->runController()
#3 /home/francois/Desktop/Top SNES tracks/snestopBitBucket/snestop/site/snestop/vendor/codeigniter4/framework/system/CodeIgniter.php(308): CodeIgniter\CodeIgniter->handleRequest()
#4 /home/francois/Desktop/Top SNES tracks/snestopBitBucket/snestop/site/snestop/public/index.php(45): CodeIgniter\CodeIgniter->run()
#5 /home/francois/Desktop/Top SNES tracks/snestopBitBucket/snestop/site/snestop/vendor/codeigniter4/framework/system/Commands/Server/rewrite.php(34): require_once('/home/francois/...')
#6 {main}
CRITICAL - 2020-07-28 06:32:18 --> Class 'App\Models\Duel_Result_model' not found
#0 /home/francois/Desktop/Top SNES tracks/snestopBitBucket/snestop/site/snestop/vendor/codeigniter4/framework/system/CodeIgniter.php(914): App\Controllers\Duelz_History->index()
#1 /home/francois/Desktop/Top SNES tracks/snestopBitBucket/snestop/site/snestop/vendor/codeigniter4/framework/system/CodeIgniter.php(400): CodeIgniter\CodeIgniter->runController()
#2 /home/francois/Desktop/Top SNES tracks/snestopBitBucket/snestop/site/snestop/vendor/codeigniter4/framework/system/CodeIgniter.php(308): CodeIgniter\CodeIgniter->handleRequest()
#3 /home/francois/Desktop/Top SNES tracks/snestopBitBucket/snestop/site/snestop/public/index.php(45): CodeIgniter\CodeIgniter->run()
#4 /home/francois/Desktop/Top SNES tracks/snestopBitBucket/snestop/site/snestop/vendor/codeigniter4/framework/system/Commands/Server/rewrite.php(34): require_once('/home/francois/...')
#5 {main}
