CRITICAL - 2020-07-30 10:16:14 --> Class 'App\Controllers\Admin_Controller' not found
#0 /home/francois/Desktop/Top SNES tracks/snestopBitBucket/snestop/site/snestop/vendor/codeigniter4/framework/system/Router/Router.php(575): include_once()
#1 /home/francois/Desktop/Top SNES tracks/snestopBitBucket/snestop/site/snestop/vendor/codeigniter4/framework/system/Router/Router.php(192): CodeIgniter\Router\Router->autoRoute()
#2 /home/francois/Desktop/Top SNES tracks/snestopBitBucket/snestop/site/snestop/vendor/codeigniter4/framework/system/CodeIgniter.php(789): CodeIgniter\Router\Router->handle()
#3 /home/francois/Desktop/Top SNES tracks/snestopBitBucket/snestop/site/snestop/vendor/codeigniter4/framework/system/CodeIgniter.php(360): CodeIgniter\CodeIgniter->tryToRouteIt()
#4 /home/francois/Desktop/Top SNES tracks/snestopBitBucket/snestop/site/snestop/vendor/codeigniter4/framework/system/CodeIgniter.php(308): CodeIgniter\CodeIgniter->handleRequest()
#5 /home/francois/Desktop/Top SNES tracks/snestopBitBucket/snestop/site/snestop/public/index.php(45): CodeIgniter\CodeIgniter->run()
#6 /home/francois/Desktop/Top SNES tracks/snestopBitBucket/snestop/site/snestop/vendor/codeigniter4/framework/system/Commands/Server/rewrite.php(34): require_once('/home/francois/...')
#7 {main}
CRITICAL - 2020-07-30 10:20:04 --> Call to undefined function App\Models\mdate()
#0 /home/francois/Desktop/Top SNES tracks/snestopBitBucket/snestop/site/snestop/app/Controllers/News_dashboard.php(45): App\Models\News_model->set_news()
#1 /home/francois/Desktop/Top SNES tracks/snestopBitBucket/snestop/site/snestop/vendor/codeigniter4/framework/system/CodeIgniter.php(914): App\Controllers\News_dashboard->submit()
#2 /home/francois/Desktop/Top SNES tracks/snestopBitBucket/snestop/site/snestop/vendor/codeigniter4/framework/system/CodeIgniter.php(400): CodeIgniter\CodeIgniter->runController()
#3 /home/francois/Desktop/Top SNES tracks/snestopBitBucket/snestop/site/snestop/vendor/codeigniter4/framework/system/CodeIgniter.php(308): CodeIgniter\CodeIgniter->handleRequest()
#4 /home/francois/Desktop/Top SNES tracks/snestopBitBucket/snestop/site/snestop/public/index.php(45): CodeIgniter\CodeIgniter->run()
#5 /home/francois/Desktop/Top SNES tracks/snestopBitBucket/snestop/site/snestop/vendor/codeigniter4/framework/system/Commands/Server/rewrite.php(34): require_once('/home/francois/...')
#6 {main}
CRITICAL - 2020-07-30 10:21:50 --> Call to undefined function App\Models\mdate()
#0 /home/francois/Desktop/Top SNES tracks/snestopBitBucket/snestop/site/snestop/app/Controllers/News_dashboard.php(45): App\Models\News_model->set_news()
#1 /home/francois/Desktop/Top SNES tracks/snestopBitBucket/snestop/site/snestop/vendor/codeigniter4/framework/system/CodeIgniter.php(914): App\Controllers\News_dashboard->submit()
#2 /home/francois/Desktop/Top SNES tracks/snestopBitBucket/snestop/site/snestop/vendor/codeigniter4/framework/system/CodeIgniter.php(400): CodeIgniter\CodeIgniter->runController()
#3 /home/francois/Desktop/Top SNES tracks/snestopBitBucket/snestop/site/snestop/vendor/codeigniter4/framework/system/CodeIgniter.php(308): CodeIgniter\CodeIgniter->handleRequest()
#4 /home/francois/Desktop/Top SNES tracks/snestopBitBucket/snestop/site/snestop/public/index.php(45): CodeIgniter\CodeIgniter->run()
#5 /home/francois/Desktop/Top SNES tracks/snestopBitBucket/snestop/site/snestop/vendor/codeigniter4/framework/system/Commands/Server/rewrite.php(34): require_once('/home/francois/...')
#6 {main}
CRITICAL - 2020-07-30 10:44:12 --> 
#0 /home/francois/Desktop/Top SNES tracks/snestopBitBucket/snestop/site/snestop/vendor/codeigniter4/framework/system/HTTP/RedirectResponse.php(92): CodeIgniter\HTTP\Exceptions\HTTPException::forInvalidRedirectRoute()
#1 /home/francois/Desktop/Top SNES tracks/snestopBitBucket/snestop/site/snestop/vendor/codeigniter4/framework/system/Common.php(813): CodeIgniter\HTTP\RedirectResponse->route()
#2 /home/francois/Desktop/Top SNES tracks/snestopBitBucket/snestop/site/snestop/app/Controllers/News_dashboard.php(46): redirect()
#3 /home/francois/Desktop/Top SNES tracks/snestopBitBucket/snestop/site/snestop/vendor/codeigniter4/framework/system/CodeIgniter.php(914): App\Controllers\News_dashboard->submit()
#4 /home/francois/Desktop/Top SNES tracks/snestopBitBucket/snestop/site/snestop/vendor/codeigniter4/framework/system/CodeIgniter.php(400): CodeIgniter\CodeIgniter->runController()
#5 /home/francois/Desktop/Top SNES tracks/snestopBitBucket/snestop/site/snestop/vendor/codeigniter4/framework/system/CodeIgniter.php(308): CodeIgniter\CodeIgniter->handleRequest()
#6 /home/francois/Desktop/Top SNES tracks/snestopBitBucket/snestop/site/snestop/public/index.php(45): CodeIgniter\CodeIgniter->run()
#7 /home/francois/Desktop/Top SNES tracks/snestopBitBucket/snestop/site/snestop/vendor/codeigniter4/framework/system/Commands/Server/rewrite.php(34): require_once('/home/francois/...')
#8 {main}
CRITICAL - 2020-07-30 11:24:57 --> 
#0 /home/francois/Desktop/Top SNES tracks/snestopBitBucket/snestop/site/snestop/vendor/codeigniter4/framework/system/HTTP/RedirectResponse.php(92): CodeIgniter\HTTP\Exceptions\HTTPException::forInvalidRedirectRoute()
#1 /home/francois/Desktop/Top SNES tracks/snestopBitBucket/snestop/site/snestop/vendor/codeigniter4/framework/system/Common.php(813): CodeIgniter\HTTP\RedirectResponse->route()
#2 /home/francois/Desktop/Top SNES tracks/snestopBitBucket/snestop/site/snestop/app/Controllers/News_dashboard.php(46): redirect()
#3 /home/francois/Desktop/Top SNES tracks/snestopBitBucket/snestop/site/snestop/vendor/codeigniter4/framework/system/CodeIgniter.php(914): App\Controllers\News_dashboard->submit()
#4 /home/francois/Desktop/Top SNES tracks/snestopBitBucket/snestop/site/snestop/vendor/codeigniter4/framework/system/CodeIgniter.php(400): CodeIgniter\CodeIgniter->runController()
#5 /home/francois/Desktop/Top SNES tracks/snestopBitBucket/snestop/site/snestop/vendor/codeigniter4/framework/system/CodeIgniter.php(308): CodeIgniter\CodeIgniter->handleRequest()
#6 /home/francois/Desktop/Top SNES tracks/snestopBitBucket/snestop/site/snestop/public/index.php(45): CodeIgniter\CodeIgniter->run()
#7 /home/francois/Desktop/Top SNES tracks/snestopBitBucket/snestop/site/snestop/vendor/codeigniter4/framework/system/Commands/Server/rewrite.php(34): require_once('/home/francois/...')
#8 {main}
CRITICAL - 2020-07-30 11:27:18 --> Undefined variable: news
#0 /home/francois/Desktop/Top SNES tracks/snestopBitBucket/snestop/site/snestop/app/Views/news_dashboard.php(26): CodeIgniter\Debug\Exceptions->errorHandler()
#1 /home/francois/Desktop/Top SNES tracks/snestopBitBucket/snestop/site/snestop/vendor/codeigniter4/framework/system/View/View.php(246): include('/home/francois/...')
#2 /home/francois/Desktop/Top SNES tracks/snestopBitBucket/snestop/site/snestop/vendor/codeigniter4/framework/system/Common.php(1087): CodeIgniter\View\View->render()
#3 /home/francois/Desktop/Top SNES tracks/snestopBitBucket/snestop/site/snestop/app/Controllers/News_dashboard.php(46): view()
#4 /home/francois/Desktop/Top SNES tracks/snestopBitBucket/snestop/site/snestop/vendor/codeigniter4/framework/system/CodeIgniter.php(914): App\Controllers\News_dashboard->submit()
#5 /home/francois/Desktop/Top SNES tracks/snestopBitBucket/snestop/site/snestop/vendor/codeigniter4/framework/system/CodeIgniter.php(400): CodeIgniter\CodeIgniter->runController()
#6 /home/francois/Desktop/Top SNES tracks/snestopBitBucket/snestop/site/snestop/vendor/codeigniter4/framework/system/CodeIgniter.php(308): CodeIgniter\CodeIgniter->handleRequest()
#7 /home/francois/Desktop/Top SNES tracks/snestopBitBucket/snestop/site/snestop/public/index.php(45): CodeIgniter\CodeIgniter->run()
#8 /home/francois/Desktop/Top SNES tracks/snestopBitBucket/snestop/site/snestop/vendor/codeigniter4/framework/system/Commands/Server/rewrite.php(34): require_once('/home/francois/...')
#9 {main}
CRITICAL - 2020-07-30 11:28:49 --> 
#0 /home/francois/Desktop/Top SNES tracks/snestopBitBucket/snestop/site/snestop/vendor/codeigniter4/framework/system/HTTP/RedirectResponse.php(92): CodeIgniter\HTTP\Exceptions\HTTPException::forInvalidRedirectRoute()
#1 /home/francois/Desktop/Top SNES tracks/snestopBitBucket/snestop/site/snestop/vendor/codeigniter4/framework/system/Common.php(813): CodeIgniter\HTTP\RedirectResponse->route()
#2 /home/francois/Desktop/Top SNES tracks/snestopBitBucket/snestop/site/snestop/app/Controllers/News_dashboard.php(54): redirect()
#3 /home/francois/Desktop/Top SNES tracks/snestopBitBucket/snestop/site/snestop/vendor/codeigniter4/framework/system/CodeIgniter.php(914): App\Controllers\News_dashboard->delete()
#4 /home/francois/Desktop/Top SNES tracks/snestopBitBucket/snestop/site/snestop/vendor/codeigniter4/framework/system/CodeIgniter.php(400): CodeIgniter\CodeIgniter->runController()
#5 /home/francois/Desktop/Top SNES tracks/snestopBitBucket/snestop/site/snestop/vendor/codeigniter4/framework/system/CodeIgniter.php(308): CodeIgniter\CodeIgniter->handleRequest()
#6 /home/francois/Desktop/Top SNES tracks/snestopBitBucket/snestop/site/snestop/public/index.php(45): CodeIgniter\CodeIgniter->run()
#7 /home/francois/Desktop/Top SNES tracks/snestopBitBucket/snestop/site/snestop/vendor/codeigniter4/framework/system/Commands/Server/rewrite.php(34): require_once('/home/francois/...')
#8 {main}
