CRITICAL - 2020-07-22 10:26:51 --> syntax error, unexpected '=>' (T_DOUBLE_ARROW)
#0 /home/francois/Desktop/Top SNES tracks/snestopBitBucket/snestop/site/snestop/vendor/codeigniter4/framework/system/Autoloader/Autoloader.php(296): CodeIgniter\Autoloader\Autoloader->requireFile()
#1 /home/francois/Desktop/Top SNES tracks/snestopBitBucket/snestop/site/snestop/vendor/codeigniter4/framework/system/Autoloader/Autoloader.php(258): CodeIgniter\Autoloader\Autoloader->loadInNamespace()
#2 [internal function]: CodeIgniter\Autoloader\Autoloader->loadClass()
#3 /home/francois/Desktop/Top SNES tracks/snestopBitBucket/snestop/site/snestop/app/Controllers/Account.php(74): spl_autoload_call()
#4 /home/francois/Desktop/Top SNES tracks/snestopBitBucket/snestop/site/snestop/app/Controllers/Account.php(21): App\Controllers\Account->check_database()
#5 /home/francois/Desktop/Top SNES tracks/snestopBitBucket/snestop/site/snestop/vendor/codeigniter4/framework/system/CodeIgniter.php(914): App\Controllers\Account->login()
#6 /home/francois/Desktop/Top SNES tracks/snestopBitBucket/snestop/site/snestop/vendor/codeigniter4/framework/system/CodeIgniter.php(400): CodeIgniter\CodeIgniter->runController()
#7 /home/francois/Desktop/Top SNES tracks/snestopBitBucket/snestop/site/snestop/vendor/codeigniter4/framework/system/CodeIgniter.php(308): CodeIgniter\CodeIgniter->handleRequest()
#8 /home/francois/Desktop/Top SNES tracks/snestopBitBucket/snestop/site/snestop/public/index.php(45): CodeIgniter\CodeIgniter->run()
#9 /home/francois/Desktop/Top SNES tracks/snestopBitBucket/snestop/site/snestop/vendor/codeigniter4/framework/system/Commands/Server/rewrite.php(34): require_once('/home/francois/...')
#10 {main}
CRITICAL - 2020-07-22 10:28:43 --> syntax error, unexpected '$builderUpdate' (T_VARIABLE)
#0 /home/francois/Desktop/Top SNES tracks/snestopBitBucket/snestop/site/snestop/vendor/codeigniter4/framework/system/Autoloader/Autoloader.php(296): CodeIgniter\Autoloader\Autoloader->requireFile()
#1 /home/francois/Desktop/Top SNES tracks/snestopBitBucket/snestop/site/snestop/vendor/codeigniter4/framework/system/Autoloader/Autoloader.php(258): CodeIgniter\Autoloader\Autoloader->loadInNamespace()
#2 [internal function]: CodeIgniter\Autoloader\Autoloader->loadClass()
#3 /home/francois/Desktop/Top SNES tracks/snestopBitBucket/snestop/site/snestop/app/Controllers/Account.php(74): spl_autoload_call()
#4 /home/francois/Desktop/Top SNES tracks/snestopBitBucket/snestop/site/snestop/app/Controllers/Account.php(21): App\Controllers\Account->check_database()
#5 /home/francois/Desktop/Top SNES tracks/snestopBitBucket/snestop/site/snestop/vendor/codeigniter4/framework/system/CodeIgniter.php(914): App\Controllers\Account->login()
#6 /home/francois/Desktop/Top SNES tracks/snestopBitBucket/snestop/site/snestop/vendor/codeigniter4/framework/system/CodeIgniter.php(400): CodeIgniter\CodeIgniter->runController()
#7 /home/francois/Desktop/Top SNES tracks/snestopBitBucket/snestop/site/snestop/vendor/codeigniter4/framework/system/CodeIgniter.php(308): CodeIgniter\CodeIgniter->handleRequest()
#8 /home/francois/Desktop/Top SNES tracks/snestopBitBucket/snestop/site/snestop/public/index.php(45): CodeIgniter\CodeIgniter->run()
#9 /home/francois/Desktop/Top SNES tracks/snestopBitBucket/snestop/site/snestop/vendor/codeigniter4/framework/system/Commands/Server/rewrite.php(34): require_once('/home/francois/...')
#10 {main}
CRITICAL - 2020-07-22 10:34:52 --> Undefined index: loggedUser
#0 /home/francois/Desktop/Top SNES tracks/snestopBitBucket/snestop/site/snestop/app/Controllers/Account.php(60): CodeIgniter\Debug\Exceptions->errorHandler()
#1 /home/francois/Desktop/Top SNES tracks/snestopBitBucket/snestop/site/snestop/app/Controllers/Account.php(65): App\Controllers\Account->deleteCookie()
#2 /home/francois/Desktop/Top SNES tracks/snestopBitBucket/snestop/site/snestop/vendor/codeigniter4/framework/system/CodeIgniter.php(914): App\Controllers\Account->logout()
#3 /home/francois/Desktop/Top SNES tracks/snestopBitBucket/snestop/site/snestop/vendor/codeigniter4/framework/system/CodeIgniter.php(400): CodeIgniter\CodeIgniter->runController()
#4 /home/francois/Desktop/Top SNES tracks/snestopBitBucket/snestop/site/snestop/vendor/codeigniter4/framework/system/CodeIgniter.php(308): CodeIgniter\CodeIgniter->handleRequest()
#5 /home/francois/Desktop/Top SNES tracks/snestopBitBucket/snestop/site/snestop/public/index.php(45): CodeIgniter\CodeIgniter->run()
#6 /home/francois/Desktop/Top SNES tracks/snestopBitBucket/snestop/site/snestop/vendor/codeigniter4/framework/system/Commands/Server/rewrite.php(34): require_once('/home/francois/...')
#7 {main}
CRITICAL - 2020-07-22 14:42:49 --> syntax error, unexpected 'view' (T_STRING)
#0 /home/francois/Desktop/Top SNES tracks/snestopBitBucket/snestop/site/snestop/vendor/codeigniter4/framework/system/Router/Router.php(192): CodeIgniter\Router\Router->autoRoute()
#1 /home/francois/Desktop/Top SNES tracks/snestopBitBucket/snestop/site/snestop/vendor/codeigniter4/framework/system/CodeIgniter.php(789): CodeIgniter\Router\Router->handle()
#2 /home/francois/Desktop/Top SNES tracks/snestopBitBucket/snestop/site/snestop/vendor/codeigniter4/framework/system/CodeIgniter.php(360): CodeIgniter\CodeIgniter->tryToRouteIt()
#3 /home/francois/Desktop/Top SNES tracks/snestopBitBucket/snestop/site/snestop/vendor/codeigniter4/framework/system/CodeIgniter.php(308): CodeIgniter\CodeIgniter->handleRequest()
#4 /home/francois/Desktop/Top SNES tracks/snestopBitBucket/snestop/site/snestop/public/index.php(45): CodeIgniter\CodeIgniter->run()
#5 /home/francois/Desktop/Top SNES tracks/snestopBitBucket/snestop/site/snestop/vendor/codeigniter4/framework/system/Commands/Server/rewrite.php(34): require_once('/home/francois/...')
#6 {main}
CRITICAL - 2020-07-22 14:43:11 --> Call to undefined function views_dir()
#0 /home/francois/Desktop/Top SNES tracks/snestopBitBucket/snestop/site/snestop/vendor/codeigniter4/framework/system/View/View.php(246): include()
#1 /home/francois/Desktop/Top SNES tracks/snestopBitBucket/snestop/site/snestop/vendor/codeigniter4/framework/system/Common.php(1087): CodeIgniter\View\View->render()
#2 /home/francois/Desktop/Top SNES tracks/snestopBitBucket/snestop/site/snestop/app/Controllers/Search.php(43): view()
#3 /home/francois/Desktop/Top SNES tracks/snestopBitBucket/snestop/site/snestop/vendor/codeigniter4/framework/system/CodeIgniter.php(914): App\Controllers\Search->index()
#4 /home/francois/Desktop/Top SNES tracks/snestopBitBucket/snestop/site/snestop/vendor/codeigniter4/framework/system/CodeIgniter.php(400): CodeIgniter\CodeIgniter->runController()
#5 /home/francois/Desktop/Top SNES tracks/snestopBitBucket/snestop/site/snestop/vendor/codeigniter4/framework/system/CodeIgniter.php(308): CodeIgniter\CodeIgniter->handleRequest()
#6 /home/francois/Desktop/Top SNES tracks/snestopBitBucket/snestop/site/snestop/public/index.php(45): CodeIgniter\CodeIgniter->run()
#7 /home/francois/Desktop/Top SNES tracks/snestopBitBucket/snestop/site/snestop/vendor/codeigniter4/framework/system/Commands/Server/rewrite.php(34): require_once('/home/francois/...')
#8 {main}
CRITICAL - 2020-07-22 14:52:28 --> Undefined index: loggedUser
#0 /home/francois/Desktop/Top SNES tracks/snestopBitBucket/snestop/site/snestop/app/Controllers/Account.php(62): CodeIgniter\Debug\Exceptions->errorHandler()
#1 /home/francois/Desktop/Top SNES tracks/snestopBitBucket/snestop/site/snestop/app/Controllers/Account.php(67): App\Controllers\Account->deleteCookie()
#2 /home/francois/Desktop/Top SNES tracks/snestopBitBucket/snestop/site/snestop/vendor/codeigniter4/framework/system/CodeIgniter.php(914): App\Controllers\Account->logout()
#3 /home/francois/Desktop/Top SNES tracks/snestopBitBucket/snestop/site/snestop/vendor/codeigniter4/framework/system/CodeIgniter.php(400): CodeIgniter\CodeIgniter->runController()
#4 /home/francois/Desktop/Top SNES tracks/snestopBitBucket/snestop/site/snestop/vendor/codeigniter4/framework/system/CodeIgniter.php(308): CodeIgniter\CodeIgniter->handleRequest()
#5 /home/francois/Desktop/Top SNES tracks/snestopBitBucket/snestop/site/snestop/public/index.php(45): CodeIgniter\CodeIgniter->run()
#6 /home/francois/Desktop/Top SNES tracks/snestopBitBucket/snestop/site/snestop/vendor/codeigniter4/framework/system/Commands/Server/rewrite.php(34): require_once('/home/francois/...')
#7 {main}
CRITICAL - 2020-07-22 18:55:31 --> Undefined variable: builder
#0 /home/francois/Desktop/Top SNES tracks/snestopBitBucket/snestop/site/snestop/app/Models/Game_model.php(97): CodeIgniter\Debug\Exceptions->errorHandler()
#1 /home/francois/Desktop/Top SNES tracks/snestopBitBucket/snestop/site/snestop/app/Controllers/Search.php(33): App\Models\Game_model->search()
#2 /home/francois/Desktop/Top SNES tracks/snestopBitBucket/snestop/site/snestop/vendor/codeigniter4/framework/system/CodeIgniter.php(914): App\Controllers\Search->index()
#3 /home/francois/Desktop/Top SNES tracks/snestopBitBucket/snestop/site/snestop/vendor/codeigniter4/framework/system/CodeIgniter.php(400): CodeIgniter\CodeIgniter->runController()
#4 /home/francois/Desktop/Top SNES tracks/snestopBitBucket/snestop/site/snestop/vendor/codeigniter4/framework/system/CodeIgniter.php(308): CodeIgniter\CodeIgniter->handleRequest()
#5 /home/francois/Desktop/Top SNES tracks/snestopBitBucket/snestop/site/snestop/public/index.php(45): CodeIgniter\CodeIgniter->run()
#6 /home/francois/Desktop/Top SNES tracks/snestopBitBucket/snestop/site/snestop/vendor/codeigniter4/framework/system/Commands/Server/rewrite.php(34): require_once('/home/francois/...')
#7 {main}
CRITICAL - 2020-07-22 18:56:01 --> Undefined variable: builder
#0 /home/francois/Desktop/Top SNES tracks/snestopBitBucket/snestop/site/snestop/app/Models/Game_model.php(97): CodeIgniter\Debug\Exceptions->errorHandler()
#1 /home/francois/Desktop/Top SNES tracks/snestopBitBucket/snestop/site/snestop/app/Controllers/Search.php(33): App\Models\Game_model->search()
#2 /home/francois/Desktop/Top SNES tracks/snestopBitBucket/snestop/site/snestop/vendor/codeigniter4/framework/system/CodeIgniter.php(914): App\Controllers\Search->index()
#3 /home/francois/Desktop/Top SNES tracks/snestopBitBucket/snestop/site/snestop/vendor/codeigniter4/framework/system/CodeIgniter.php(400): CodeIgniter\CodeIgniter->runController()
#4 /home/francois/Desktop/Top SNES tracks/snestopBitBucket/snestop/site/snestop/vendor/codeigniter4/framework/system/CodeIgniter.php(308): CodeIgniter\CodeIgniter->handleRequest()
#5 /home/francois/Desktop/Top SNES tracks/snestopBitBucket/snestop/site/snestop/public/index.php(45): CodeIgniter\CodeIgniter->run()
#6 /home/francois/Desktop/Top SNES tracks/snestopBitBucket/snestop/site/snestop/vendor/codeigniter4/framework/system/Commands/Server/rewrite.php(34): require_once('/home/francois/...')
#7 {main}
CRITICAL - 2020-07-22 18:56:27 --> Call to undefined method CodeIgniter\Database\MySQLi\Connection::escape_str()
#0 /home/francois/Desktop/Top SNES tracks/snestopBitBucket/snestop/site/snestop/app/Controllers/Search.php(33): App\Models\Game_model->search()
#1 /home/francois/Desktop/Top SNES tracks/snestopBitBucket/snestop/site/snestop/vendor/codeigniter4/framework/system/CodeIgniter.php(914): App\Controllers\Search->index()
#2 /home/francois/Desktop/Top SNES tracks/snestopBitBucket/snestop/site/snestop/vendor/codeigniter4/framework/system/CodeIgniter.php(400): CodeIgniter\CodeIgniter->runController()
#3 /home/francois/Desktop/Top SNES tracks/snestopBitBucket/snestop/site/snestop/vendor/codeigniter4/framework/system/CodeIgniter.php(308): CodeIgniter\CodeIgniter->handleRequest()
#4 /home/francois/Desktop/Top SNES tracks/snestopBitBucket/snestop/site/snestop/public/index.php(45): CodeIgniter\CodeIgniter->run()
#5 /home/francois/Desktop/Top SNES tracks/snestopBitBucket/snestop/site/snestop/vendor/codeigniter4/framework/system/Commands/Server/rewrite.php(34): require_once('/home/francois/...')
#6 {main}
CRITICAL - 2020-07-22 18:57:59 --> Undefined variable: builder
#0 /home/francois/Desktop/Top SNES tracks/snestopBitBucket/snestop/site/snestop/app/Models/Game_model.php(99): CodeIgniter\Debug\Exceptions->errorHandler()
#1 /home/francois/Desktop/Top SNES tracks/snestopBitBucket/snestop/site/snestop/app/Controllers/Search.php(33): App\Models\Game_model->search()
#2 /home/francois/Desktop/Top SNES tracks/snestopBitBucket/snestop/site/snestop/vendor/codeigniter4/framework/system/CodeIgniter.php(914): App\Controllers\Search->index()
#3 /home/francois/Desktop/Top SNES tracks/snestopBitBucket/snestop/site/snestop/vendor/codeigniter4/framework/system/CodeIgniter.php(400): CodeIgniter\CodeIgniter->runController()
#4 /home/francois/Desktop/Top SNES tracks/snestopBitBucket/snestop/site/snestop/vendor/codeigniter4/framework/system/CodeIgniter.php(308): CodeIgniter\CodeIgniter->handleRequest()
#5 /home/francois/Desktop/Top SNES tracks/snestopBitBucket/snestop/site/snestop/public/index.php(45): CodeIgniter\CodeIgniter->run()
#6 /home/francois/Desktop/Top SNES tracks/snestopBitBucket/snestop/site/snestop/vendor/codeigniter4/framework/system/Commands/Server/rewrite.php(34): require_once('/home/francois/...')
#7 {main}
CRITICAL - 2020-07-22 18:58:31 --> Call to undefined method CodeIgniter\Database\MySQLi\Result::result()
#0 /home/francois/Desktop/Top SNES tracks/snestopBitBucket/snestop/site/snestop/app/Controllers/Search.php(33): App\Models\Game_model->search()
#1 /home/francois/Desktop/Top SNES tracks/snestopBitBucket/snestop/site/snestop/vendor/codeigniter4/framework/system/CodeIgniter.php(914): App\Controllers\Search->index()
#2 /home/francois/Desktop/Top SNES tracks/snestopBitBucket/snestop/site/snestop/vendor/codeigniter4/framework/system/CodeIgniter.php(400): CodeIgniter\CodeIgniter->runController()
#3 /home/francois/Desktop/Top SNES tracks/snestopBitBucket/snestop/site/snestop/vendor/codeigniter4/framework/system/CodeIgniter.php(308): CodeIgniter\CodeIgniter->handleRequest()
#4 /home/francois/Desktop/Top SNES tracks/snestopBitBucket/snestop/site/snestop/public/index.php(45): CodeIgniter\CodeIgniter->run()
#5 /home/francois/Desktop/Top SNES tracks/snestopBitBucket/snestop/site/snestop/vendor/codeigniter4/framework/system/Commands/Server/rewrite.php(34): require_once('/home/francois/...')
#6 {main}
CRITICAL - 2020-07-22 19:02:48 --> Syntax error in regular expression on line 1, character 2.
#0 /home/francois/Desktop/Top SNES tracks/snestopBitBucket/snestop/site/snestop/vendor/codeigniter4/framework/system/Database/MySQLi/Connection.php(331): mysqli->query()
#1 /home/francois/Desktop/Top SNES tracks/snestopBitBucket/snestop/site/snestop/vendor/codeigniter4/framework/system/Database/BaseConnection.php(738): CodeIgniter\Database\MySQLi\Connection->execute()
#2 /home/francois/Desktop/Top SNES tracks/snestopBitBucket/snestop/site/snestop/vendor/codeigniter4/framework/system/Database/BaseConnection.php(666): CodeIgniter\Database\BaseConnection->simpleQuery()
#3 /home/francois/Desktop/Top SNES tracks/snestopBitBucket/snestop/site/snestop/vendor/codeigniter4/framework/system/Database/BaseBuilder.php(1845): CodeIgniter\Database\BaseConnection->query()
#4 /home/francois/Desktop/Top SNES tracks/snestopBitBucket/snestop/site/snestop/app/Models/Game_model.php(105): CodeIgniter\Database\BaseBuilder->get()
#5 /home/francois/Desktop/Top SNES tracks/snestopBitBucket/snestop/site/snestop/app/Controllers/Search.php(33): App\Models\Game_model->search()
#6 /home/francois/Desktop/Top SNES tracks/snestopBitBucket/snestop/site/snestop/vendor/codeigniter4/framework/system/CodeIgniter.php(914): App\Controllers\Search->index()
#7 /home/francois/Desktop/Top SNES tracks/snestopBitBucket/snestop/site/snestop/vendor/codeigniter4/framework/system/CodeIgniter.php(400): CodeIgniter\CodeIgniter->runController()
#8 /home/francois/Desktop/Top SNES tracks/snestopBitBucket/snestop/site/snestop/vendor/codeigniter4/framework/system/CodeIgniter.php(308): CodeIgniter\CodeIgniter->handleRequest()
#9 /home/francois/Desktop/Top SNES tracks/snestopBitBucket/snestop/site/snestop/public/index.php(45): CodeIgniter\CodeIgniter->run()
#10 /home/francois/Desktop/Top SNES tracks/snestopBitBucket/snestop/site/snestop/vendor/codeigniter4/framework/system/Commands/Server/rewrite.php(34): require_once('/home/francois/...')
#11 {main}
CRITICAL - 2020-07-22 19:45:35 --> Syntax error in regular expression on line 1, character 2.
#0 /home/francois/Desktop/Top SNES tracks/snestopBitBucket/snestop/site/snestop/vendor/codeigniter4/framework/system/Database/MySQLi/Connection.php(331): mysqli->query()
#1 /home/francois/Desktop/Top SNES tracks/snestopBitBucket/snestop/site/snestop/vendor/codeigniter4/framework/system/Database/BaseConnection.php(738): CodeIgniter\Database\MySQLi\Connection->execute()
#2 /home/francois/Desktop/Top SNES tracks/snestopBitBucket/snestop/site/snestop/vendor/codeigniter4/framework/system/Database/BaseConnection.php(666): CodeIgniter\Database\BaseConnection->simpleQuery()
#3 /home/francois/Desktop/Top SNES tracks/snestopBitBucket/snestop/site/snestop/vendor/codeigniter4/framework/system/Database/BaseBuilder.php(1845): CodeIgniter\Database\BaseConnection->query()
#4 /home/francois/Desktop/Top SNES tracks/snestopBitBucket/snestop/site/snestop/app/Models/Game_model.php(109): CodeIgniter\Database\BaseBuilder->get()
#5 /home/francois/Desktop/Top SNES tracks/snestopBitBucket/snestop/site/snestop/app/Controllers/Search.php(33): App\Models\Game_model->search()
#6 /home/francois/Desktop/Top SNES tracks/snestopBitBucket/snestop/site/snestop/vendor/codeigniter4/framework/system/CodeIgniter.php(914): App\Controllers\Search->index()
#7 /home/francois/Desktop/Top SNES tracks/snestopBitBucket/snestop/site/snestop/vendor/codeigniter4/framework/system/CodeIgniter.php(400): CodeIgniter\CodeIgniter->runController()
#8 /home/francois/Desktop/Top SNES tracks/snestopBitBucket/snestop/site/snestop/vendor/codeigniter4/framework/system/CodeIgniter.php(308): CodeIgniter\CodeIgniter->handleRequest()
#9 /home/francois/Desktop/Top SNES tracks/snestopBitBucket/snestop/site/snestop/public/index.php(45): CodeIgniter\CodeIgniter->run()
#10 /home/francois/Desktop/Top SNES tracks/snestopBitBucket/snestop/site/snestop/vendor/codeigniter4/framework/system/Commands/Server/rewrite.php(34): require_once('/home/francois/...')
#11 {main}
CRITICAL - 2020-07-22 19:49:31 --> Syntax error in regular expression on line 1, character 2.
#0 /home/francois/Desktop/Top SNES tracks/snestopBitBucket/snestop/site/snestop/vendor/codeigniter4/framework/system/Database/MySQLi/Connection.php(331): mysqli->query()
#1 /home/francois/Desktop/Top SNES tracks/snestopBitBucket/snestop/site/snestop/vendor/codeigniter4/framework/system/Database/BaseConnection.php(738): CodeIgniter\Database\MySQLi\Connection->execute()
#2 /home/francois/Desktop/Top SNES tracks/snestopBitBucket/snestop/site/snestop/vendor/codeigniter4/framework/system/Database/BaseConnection.php(666): CodeIgniter\Database\BaseConnection->simpleQuery()
#3 /home/francois/Desktop/Top SNES tracks/snestopBitBucket/snestop/site/snestop/vendor/codeigniter4/framework/system/Database/BaseBuilder.php(1845): CodeIgniter\Database\BaseConnection->query()
#4 /home/francois/Desktop/Top SNES tracks/snestopBitBucket/snestop/site/snestop/app/Models/Game_model.php(107): CodeIgniter\Database\BaseBuilder->get()
#5 /home/francois/Desktop/Top SNES tracks/snestopBitBucket/snestop/site/snestop/app/Controllers/Search.php(33): App\Models\Game_model->search()
#6 /home/francois/Desktop/Top SNES tracks/snestopBitBucket/snestop/site/snestop/vendor/codeigniter4/framework/system/CodeIgniter.php(914): App\Controllers\Search->index()
#7 /home/francois/Desktop/Top SNES tracks/snestopBitBucket/snestop/site/snestop/vendor/codeigniter4/framework/system/CodeIgniter.php(400): CodeIgniter\CodeIgniter->runController()
#8 /home/francois/Desktop/Top SNES tracks/snestopBitBucket/snestop/site/snestop/vendor/codeigniter4/framework/system/CodeIgniter.php(308): CodeIgniter\CodeIgniter->handleRequest()
#9 /home/francois/Desktop/Top SNES tracks/snestopBitBucket/snestop/site/snestop/public/index.php(45): CodeIgniter\CodeIgniter->run()
#10 /home/francois/Desktop/Top SNES tracks/snestopBitBucket/snestop/site/snestop/vendor/codeigniter4/framework/system/Commands/Server/rewrite.php(34): require_once('/home/francois/...')
#11 {main}
CRITICAL - 2020-07-22 19:54:16 --> Call to undefined method CodeIgniter\Database\MySQLi\Connection::escape_str()
#0 /home/francois/Desktop/Top SNES tracks/snestopBitBucket/snestop/site/snestop/app/Controllers/Search.php(33): App\Models\Game_model->search()
#1 /home/francois/Desktop/Top SNES tracks/snestopBitBucket/snestop/site/snestop/vendor/codeigniter4/framework/system/CodeIgniter.php(914): App\Controllers\Search->index()
#2 /home/francois/Desktop/Top SNES tracks/snestopBitBucket/snestop/site/snestop/vendor/codeigniter4/framework/system/CodeIgniter.php(400): CodeIgniter\CodeIgniter->runController()
#3 /home/francois/Desktop/Top SNES tracks/snestopBitBucket/snestop/site/snestop/vendor/codeigniter4/framework/system/CodeIgniter.php(308): CodeIgniter\CodeIgniter->handleRequest()
#4 /home/francois/Desktop/Top SNES tracks/snestopBitBucket/snestop/site/snestop/public/index.php(45): CodeIgniter\CodeIgniter->run()
#5 /home/francois/Desktop/Top SNES tracks/snestopBitBucket/snestop/site/snestop/vendor/codeigniter4/framework/system/Commands/Server/rewrite.php(34): require_once('/home/francois/...')
#6 {main}
CRITICAL - 2020-07-22 19:58:58 --> syntax error, unexpected 'else' (T_ELSE)
#0 /home/francois/Desktop/Top SNES tracks/snestopBitBucket/snestop/site/snestop/vendor/codeigniter4/framework/system/Autoloader/Autoloader.php(296): CodeIgniter\Autoloader\Autoloader->requireFile()
#1 /home/francois/Desktop/Top SNES tracks/snestopBitBucket/snestop/site/snestop/vendor/codeigniter4/framework/system/Autoloader/Autoloader.php(258): CodeIgniter\Autoloader\Autoloader->loadInNamespace()
#2 [internal function]: CodeIgniter\Autoloader\Autoloader->loadClass()
#3 /home/francois/Desktop/Top SNES tracks/snestopBitBucket/snestop/site/snestop/app/Controllers/Search.php(36): spl_autoload_call()
#4 /home/francois/Desktop/Top SNES tracks/snestopBitBucket/snestop/site/snestop/vendor/codeigniter4/framework/system/CodeIgniter.php(914): App\Controllers\Search->index()
#5 /home/francois/Desktop/Top SNES tracks/snestopBitBucket/snestop/site/snestop/vendor/codeigniter4/framework/system/CodeIgniter.php(400): CodeIgniter\CodeIgniter->runController()
#6 /home/francois/Desktop/Top SNES tracks/snestopBitBucket/snestop/site/snestop/vendor/codeigniter4/framework/system/CodeIgniter.php(308): CodeIgniter\CodeIgniter->handleRequest()
#7 /home/francois/Desktop/Top SNES tracks/snestopBitBucket/snestop/site/snestop/public/index.php(45): CodeIgniter\CodeIgniter->run()
#8 /home/francois/Desktop/Top SNES tracks/snestopBitBucket/snestop/site/snestop/vendor/codeigniter4/framework/system/Commands/Server/rewrite.php(34): require_once('/home/francois/...')
#9 {main}
CRITICAL - 2020-07-22 20:00:11 --> Undefined variable: builder
#0 /home/francois/Desktop/Top SNES tracks/snestopBitBucket/snestop/site/snestop/app/Models/Track_model.php(200): CodeIgniter\Debug\Exceptions->errorHandler()
#1 /home/francois/Desktop/Top SNES tracks/snestopBitBucket/snestop/site/snestop/app/Controllers/Search.php(37): App\Models\Track_model->search()
#2 /home/francois/Desktop/Top SNES tracks/snestopBitBucket/snestop/site/snestop/vendor/codeigniter4/framework/system/CodeIgniter.php(914): App\Controllers\Search->index()
#3 /home/francois/Desktop/Top SNES tracks/snestopBitBucket/snestop/site/snestop/vendor/codeigniter4/framework/system/CodeIgniter.php(400): CodeIgniter\CodeIgniter->runController()
#4 /home/francois/Desktop/Top SNES tracks/snestopBitBucket/snestop/site/snestop/vendor/codeigniter4/framework/system/CodeIgniter.php(308): CodeIgniter\CodeIgniter->handleRequest()
#5 /home/francois/Desktop/Top SNES tracks/snestopBitBucket/snestop/site/snestop/public/index.php(45): CodeIgniter\CodeIgniter->run()
#6 /home/francois/Desktop/Top SNES tracks/snestopBitBucket/snestop/site/snestop/vendor/codeigniter4/framework/system/Commands/Server/rewrite.php(34): require_once('/home/francois/...')
#7 {main}
CRITICAL - 2020-07-22 20:00:38 --> Call to undefined method CodeIgniter\Database\MySQLi\Builder::group_by()
#0 /home/francois/Desktop/Top SNES tracks/snestopBitBucket/snestop/site/snestop/app/Controllers/Search.php(41): App\Models\User_model->search()
#1 /home/francois/Desktop/Top SNES tracks/snestopBitBucket/snestop/site/snestop/vendor/codeigniter4/framework/system/CodeIgniter.php(914): App\Controllers\Search->index()
#2 /home/francois/Desktop/Top SNES tracks/snestopBitBucket/snestop/site/snestop/vendor/codeigniter4/framework/system/CodeIgniter.php(400): CodeIgniter\CodeIgniter->runController()
#3 /home/francois/Desktop/Top SNES tracks/snestopBitBucket/snestop/site/snestop/vendor/codeigniter4/framework/system/CodeIgniter.php(308): CodeIgniter\CodeIgniter->handleRequest()
#4 /home/francois/Desktop/Top SNES tracks/snestopBitBucket/snestop/site/snestop/public/index.php(45): CodeIgniter\CodeIgniter->run()
#5 /home/francois/Desktop/Top SNES tracks/snestopBitBucket/snestop/site/snestop/vendor/codeigniter4/framework/system/Commands/Server/rewrite.php(34): require_once('/home/francois/...')
#6 {main}
CRITICAL - 2020-07-22 20:01:25 --> You have an error in your SQL syntax; check the manual that corresponds to your MySQL server version for the right syntax to use near '`RLIKE` = '\\\\*'
GROUP BY `DuelResult`.`idUser`
ORDER BY `userName`
 LIMIT 50' at line 5
#0 /home/francois/Desktop/Top SNES tracks/snestopBitBucket/snestop/site/snestop/vendor/codeigniter4/framework/system/Database/MySQLi/Connection.php(331): mysqli->query()
#1 /home/francois/Desktop/Top SNES tracks/snestopBitBucket/snestop/site/snestop/vendor/codeigniter4/framework/system/Database/BaseConnection.php(738): CodeIgniter\Database\MySQLi\Connection->execute()
#2 /home/francois/Desktop/Top SNES tracks/snestopBitBucket/snestop/site/snestop/vendor/codeigniter4/framework/system/Database/BaseConnection.php(666): CodeIgniter\Database\BaseConnection->simpleQuery()
#3 /home/francois/Desktop/Top SNES tracks/snestopBitBucket/snestop/site/snestop/vendor/codeigniter4/framework/system/Database/BaseBuilder.php(1845): CodeIgniter\Database\BaseConnection->query()
#4 /home/francois/Desktop/Top SNES tracks/snestopBitBucket/snestop/site/snestop/app/Models/User_model.php(227): CodeIgniter\Database\BaseBuilder->get()
#5 /home/francois/Desktop/Top SNES tracks/snestopBitBucket/snestop/site/snestop/app/Controllers/Search.php(41): App\Models\User_model->search()
#6 /home/francois/Desktop/Top SNES tracks/snestopBitBucket/snestop/site/snestop/vendor/codeigniter4/framework/system/CodeIgniter.php(914): App\Controllers\Search->index()
#7 /home/francois/Desktop/Top SNES tracks/snestopBitBucket/snestop/site/snestop/vendor/codeigniter4/framework/system/CodeIgniter.php(400): CodeIgniter\CodeIgniter->runController()
#8 /home/francois/Desktop/Top SNES tracks/snestopBitBucket/snestop/site/snestop/vendor/codeigniter4/framework/system/CodeIgniter.php(308): CodeIgniter\CodeIgniter->handleRequest()
#9 /home/francois/Desktop/Top SNES tracks/snestopBitBucket/snestop/site/snestop/public/index.php(45): CodeIgniter\CodeIgniter->run()
#10 /home/francois/Desktop/Top SNES tracks/snestopBitBucket/snestop/site/snestop/vendor/codeigniter4/framework/system/Commands/Server/rewrite.php(34): require_once('/home/francois/...')
#11 {main}
CRITICAL - 2020-07-22 20:26:45 --> Expression #1 of SELECT list is not in GROUP BY clause and contains nonaggregated column 'snestop_production.User.idUser' which is not functionally dependent on columns in GROUP BY clause; this is incompatible with sql_mode=only_full_group_by
#0 /home/francois/Desktop/Top SNES tracks/snestopBitBucket/snestop/site/snestop/vendor/codeigniter4/framework/system/Database/MySQLi/Connection.php(331): mysqli->query()
#1 /home/francois/Desktop/Top SNES tracks/snestopBitBucket/snestop/site/snestop/vendor/codeigniter4/framework/system/Database/BaseConnection.php(738): CodeIgniter\Database\MySQLi\Connection->execute()
#2 /home/francois/Desktop/Top SNES tracks/snestopBitBucket/snestop/site/snestop/vendor/codeigniter4/framework/system/Database/BaseConnection.php(666): CodeIgniter\Database\BaseConnection->simpleQuery()
#3 /home/francois/Desktop/Top SNES tracks/snestopBitBucket/snestop/site/snestop/vendor/codeigniter4/framework/system/Database/BaseBuilder.php(1845): CodeIgniter\Database\BaseConnection->query()
#4 /home/francois/Desktop/Top SNES tracks/snestopBitBucket/snestop/site/snestop/app/Models/User_model.php(232): CodeIgniter\Database\BaseBuilder->get()
#5 /home/francois/Desktop/Top SNES tracks/snestopBitBucket/snestop/site/snestop/app/Controllers/Search.php(41): App\Models\User_model->search()
#6 /home/francois/Desktop/Top SNES tracks/snestopBitBucket/snestop/site/snestop/vendor/codeigniter4/framework/system/CodeIgniter.php(914): App\Controllers\Search->index()
#7 /home/francois/Desktop/Top SNES tracks/snestopBitBucket/snestop/site/snestop/vendor/codeigniter4/framework/system/CodeIgniter.php(400): CodeIgniter\CodeIgniter->runController()
#8 /home/francois/Desktop/Top SNES tracks/snestopBitBucket/snestop/site/snestop/vendor/codeigniter4/framework/system/CodeIgniter.php(308): CodeIgniter\CodeIgniter->handleRequest()
#9 /home/francois/Desktop/Top SNES tracks/snestopBitBucket/snestop/site/snestop/public/index.php(45): CodeIgniter\CodeIgniter->run()
#10 /home/francois/Desktop/Top SNES tracks/snestopBitBucket/snestop/site/snestop/vendor/codeigniter4/framework/system/Commands/Server/rewrite.php(34): require_once('/home/francois/...')
#11 {main}
CRITICAL - 2020-07-22 20:43:18 --> Expression #1 of SELECT list is not in GROUP BY clause and contains nonaggregated column 'snestop_production.User.idUser' which is not functionally dependent on columns in GROUP BY clause; this is incompatible with sql_mode=only_full_group_by
#0 /home/francois/Desktop/Top SNES tracks/snestopBitBucket/snestop/site/snestop/vendor/codeigniter4/framework/system/Database/MySQLi/Connection.php(331): mysqli->query()
#1 /home/francois/Desktop/Top SNES tracks/snestopBitBucket/snestop/site/snestop/vendor/codeigniter4/framework/system/Database/BaseConnection.php(738): CodeIgniter\Database\MySQLi\Connection->execute()
#2 /home/francois/Desktop/Top SNES tracks/snestopBitBucket/snestop/site/snestop/vendor/codeigniter4/framework/system/Database/BaseConnection.php(666): CodeIgniter\Database\BaseConnection->simpleQuery()
#3 /home/francois/Desktop/Top SNES tracks/snestopBitBucket/snestop/site/snestop/vendor/codeigniter4/framework/system/Database/BaseBuilder.php(1845): CodeIgniter\Database\BaseConnection->query()
#4 /home/francois/Desktop/Top SNES tracks/snestopBitBucket/snestop/site/snestop/app/Models/User_model.php(229): CodeIgniter\Database\BaseBuilder->get()
#5 /home/francois/Desktop/Top SNES tracks/snestopBitBucket/snestop/site/snestop/app/Controllers/Search.php(41): App\Models\User_model->search()
#6 /home/francois/Desktop/Top SNES tracks/snestopBitBucket/snestop/site/snestop/vendor/codeigniter4/framework/system/CodeIgniter.php(914): App\Controllers\Search->index()
#7 /home/francois/Desktop/Top SNES tracks/snestopBitBucket/snestop/site/snestop/vendor/codeigniter4/framework/system/CodeIgniter.php(400): CodeIgniter\CodeIgniter->runController()
#8 /home/francois/Desktop/Top SNES tracks/snestopBitBucket/snestop/site/snestop/vendor/codeigniter4/framework/system/CodeIgniter.php(308): CodeIgniter\CodeIgniter->handleRequest()
#9 /home/francois/Desktop/Top SNES tracks/snestopBitBucket/snestop/site/snestop/public/index.php(45): CodeIgniter\CodeIgniter->run()
#10 /home/francois/Desktop/Top SNES tracks/snestopBitBucket/snestop/site/snestop/vendor/codeigniter4/framework/system/Commands/Server/rewrite.php(34): require_once('/home/francois/...')
#11 {main}
CRITICAL - 2020-07-22 20:57:23 --> Syntax error in regular expression on line 1, character 1.
#0 /home/francois/Desktop/Top SNES tracks/snestopBitBucket/snestop/site/snestop/vendor/codeigniter4/framework/system/Database/MySQLi/Connection.php(331): mysqli->query()
#1 /home/francois/Desktop/Top SNES tracks/snestopBitBucket/snestop/site/snestop/vendor/codeigniter4/framework/system/Database/BaseConnection.php(738): CodeIgniter\Database\MySQLi\Connection->execute()
#2 /home/francois/Desktop/Top SNES tracks/snestopBitBucket/snestop/site/snestop/vendor/codeigniter4/framework/system/Database/BaseConnection.php(666): CodeIgniter\Database\BaseConnection->simpleQuery()
#3 /home/francois/Desktop/Top SNES tracks/snestopBitBucket/snestop/site/snestop/vendor/codeigniter4/framework/system/Database/BaseBuilder.php(1845): CodeIgniter\Database\BaseConnection->query()
#4 /home/francois/Desktop/Top SNES tracks/snestopBitBucket/snestop/site/snestop/app/Models/User_model.php(229): CodeIgniter\Database\BaseBuilder->get()
#5 /home/francois/Desktop/Top SNES tracks/snestopBitBucket/snestop/site/snestop/app/Controllers/Search.php(41): App\Models\User_model->search()
#6 /home/francois/Desktop/Top SNES tracks/snestopBitBucket/snestop/site/snestop/vendor/codeigniter4/framework/system/CodeIgniter.php(914): App\Controllers\Search->index()
#7 /home/francois/Desktop/Top SNES tracks/snestopBitBucket/snestop/site/snestop/vendor/codeigniter4/framework/system/CodeIgniter.php(400): CodeIgniter\CodeIgniter->runController()
#8 /home/francois/Desktop/Top SNES tracks/snestopBitBucket/snestop/site/snestop/vendor/codeigniter4/framework/system/CodeIgniter.php(308): CodeIgniter\CodeIgniter->handleRequest()
#9 /home/francois/Desktop/Top SNES tracks/snestopBitBucket/snestop/site/snestop/public/index.php(45): CodeIgniter\CodeIgniter->run()
#10 /home/francois/Desktop/Top SNES tracks/snestopBitBucket/snestop/site/snestop/vendor/codeigniter4/framework/system/Commands/Server/rewrite.php(34): require_once('/home/francois/...')
#11 {main}
CRITICAL - 2020-07-22 21:05:39 --> Syntax error in regular expression on line 1, character 1.
#0 /home/francois/Desktop/Top SNES tracks/snestopBitBucket/snestop/site/snestop/vendor/codeigniter4/framework/system/Database/MySQLi/Connection.php(331): mysqli->query()
#1 /home/francois/Desktop/Top SNES tracks/snestopBitBucket/snestop/site/snestop/vendor/codeigniter4/framework/system/Database/BaseConnection.php(738): CodeIgniter\Database\MySQLi\Connection->execute()
#2 /home/francois/Desktop/Top SNES tracks/snestopBitBucket/snestop/site/snestop/vendor/codeigniter4/framework/system/Database/BaseConnection.php(666): CodeIgniter\Database\BaseConnection->simpleQuery()
#3 /home/francois/Desktop/Top SNES tracks/snestopBitBucket/snestop/site/snestop/vendor/codeigniter4/framework/system/Database/BaseBuilder.php(1845): CodeIgniter\Database\BaseConnection->query()
#4 /home/francois/Desktop/Top SNES tracks/snestopBitBucket/snestop/site/snestop/app/Models/User_model.php(229): CodeIgniter\Database\BaseBuilder->get()
#5 /home/francois/Desktop/Top SNES tracks/snestopBitBucket/snestop/site/snestop/app/Controllers/Search.php(41): App\Models\User_model->search()
#6 /home/francois/Desktop/Top SNES tracks/snestopBitBucket/snestop/site/snestop/vendor/codeigniter4/framework/system/CodeIgniter.php(914): App\Controllers\Search->index()
#7 /home/francois/Desktop/Top SNES tracks/snestopBitBucket/snestop/site/snestop/vendor/codeigniter4/framework/system/CodeIgniter.php(400): CodeIgniter\CodeIgniter->runController()
#8 /home/francois/Desktop/Top SNES tracks/snestopBitBucket/snestop/site/snestop/vendor/codeigniter4/framework/system/CodeIgniter.php(308): CodeIgniter\CodeIgniter->handleRequest()
#9 /home/francois/Desktop/Top SNES tracks/snestopBitBucket/snestop/site/snestop/public/index.php(45): CodeIgniter\CodeIgniter->run()
#10 /home/francois/Desktop/Top SNES tracks/snestopBitBucket/snestop/site/snestop/vendor/codeigniter4/framework/system/Commands/Server/rewrite.php(34): require_once('/home/francois/...')
#11 {main}
CRITICAL - 2020-07-22 21:16:23 --> Syntax error in regular expression on line 1, character 1.
#0 /home/francois/Desktop/Top SNES tracks/snestopBitBucket/snestop/site/snestop/vendor/codeigniter4/framework/system/Database/MySQLi/Connection.php(331): mysqli->query()
#1 /home/francois/Desktop/Top SNES tracks/snestopBitBucket/snestop/site/snestop/vendor/codeigniter4/framework/system/Database/BaseConnection.php(738): CodeIgniter\Database\MySQLi\Connection->execute()
#2 /home/francois/Desktop/Top SNES tracks/snestopBitBucket/snestop/site/snestop/vendor/codeigniter4/framework/system/Database/BaseConnection.php(666): CodeIgniter\Database\BaseConnection->simpleQuery()
#3 /home/francois/Desktop/Top SNES tracks/snestopBitBucket/snestop/site/snestop/vendor/codeigniter4/framework/system/Database/BaseBuilder.php(1845): CodeIgniter\Database\BaseConnection->query()
#4 /home/francois/Desktop/Top SNES tracks/snestopBitBucket/snestop/site/snestop/app/Models/User_model.php(229): CodeIgniter\Database\BaseBuilder->get()
#5 /home/francois/Desktop/Top SNES tracks/snestopBitBucket/snestop/site/snestop/app/Controllers/Search.php(41): App\Models\User_model->search()
#6 /home/francois/Desktop/Top SNES tracks/snestopBitBucket/snestop/site/snestop/vendor/codeigniter4/framework/system/CodeIgniter.php(914): App\Controllers\Search->index()
#7 /home/francois/Desktop/Top SNES tracks/snestopBitBucket/snestop/site/snestop/vendor/codeigniter4/framework/system/CodeIgniter.php(400): CodeIgniter\CodeIgniter->runController()
#8 /home/francois/Desktop/Top SNES tracks/snestopBitBucket/snestop/site/snestop/vendor/codeigniter4/framework/system/CodeIgniter.php(308): CodeIgniter\CodeIgniter->handleRequest()
#9 /home/francois/Desktop/Top SNES tracks/snestopBitBucket/snestop/site/snestop/public/index.php(45): CodeIgniter\CodeIgniter->run()
#10 /home/francois/Desktop/Top SNES tracks/snestopBitBucket/snestop/site/snestop/vendor/codeigniter4/framework/system/Commands/Server/rewrite.php(34): require_once('/home/francois/...')
#11 {main}
CRITICAL - 2020-07-22 21:22:00 --> Syntax error in regular expression on line 1, character 1.
#0 /home/francois/Desktop/Top SNES tracks/snestopBitBucket/snestop/site/snestop/vendor/codeigniter4/framework/system/Database/MySQLi/Connection.php(331): mysqli->query()
#1 /home/francois/Desktop/Top SNES tracks/snestopBitBucket/snestop/site/snestop/vendor/codeigniter4/framework/system/Database/BaseConnection.php(738): CodeIgniter\Database\MySQLi\Connection->execute()
#2 /home/francois/Desktop/Top SNES tracks/snestopBitBucket/snestop/site/snestop/vendor/codeigniter4/framework/system/Database/BaseConnection.php(666): CodeIgniter\Database\BaseConnection->simpleQuery()
#3 /home/francois/Desktop/Top SNES tracks/snestopBitBucket/snestop/site/snestop/vendor/codeigniter4/framework/system/Database/BaseBuilder.php(1845): CodeIgniter\Database\BaseConnection->query()
#4 /home/francois/Desktop/Top SNES tracks/snestopBitBucket/snestop/site/snestop/app/Models/User_model.php(229): CodeIgniter\Database\BaseBuilder->get()
#5 /home/francois/Desktop/Top SNES tracks/snestopBitBucket/snestop/site/snestop/app/Controllers/Search.php(41): App\Models\User_model->search()
#6 /home/francois/Desktop/Top SNES tracks/snestopBitBucket/snestop/site/snestop/vendor/codeigniter4/framework/system/CodeIgniter.php(914): App\Controllers\Search->index()
#7 /home/francois/Desktop/Top SNES tracks/snestopBitBucket/snestop/site/snestop/vendor/codeigniter4/framework/system/CodeIgniter.php(400): CodeIgniter\CodeIgniter->runController()
#8 /home/francois/Desktop/Top SNES tracks/snestopBitBucket/snestop/site/snestop/vendor/codeigniter4/framework/system/CodeIgniter.php(308): CodeIgniter\CodeIgniter->handleRequest()
#9 /home/francois/Desktop/Top SNES tracks/snestopBitBucket/snestop/site/snestop/public/index.php(45): CodeIgniter\CodeIgniter->run()
#10 /home/francois/Desktop/Top SNES tracks/snestopBitBucket/snestop/site/snestop/vendor/codeigniter4/framework/system/Commands/Server/rewrite.php(34): require_once('/home/francois/...')
#11 {main}
CRITICAL - 2020-07-22 21:22:52 --> Call to undefined method CodeIgniter\Database\MySQLi\Connection::escapeStringLike()
#0 /home/francois/Desktop/Top SNES tracks/snestopBitBucket/snestop/site/snestop/app/Controllers/Search.php(41): App\Models\User_model->search()
#1 /home/francois/Desktop/Top SNES tracks/snestopBitBucket/snestop/site/snestop/vendor/codeigniter4/framework/system/CodeIgniter.php(914): App\Controllers\Search->index()
#2 /home/francois/Desktop/Top SNES tracks/snestopBitBucket/snestop/site/snestop/vendor/codeigniter4/framework/system/CodeIgniter.php(400): CodeIgniter\CodeIgniter->runController()
#3 /home/francois/Desktop/Top SNES tracks/snestopBitBucket/snestop/site/snestop/vendor/codeigniter4/framework/system/CodeIgniter.php(308): CodeIgniter\CodeIgniter->handleRequest()
#4 /home/francois/Desktop/Top SNES tracks/snestopBitBucket/snestop/site/snestop/public/index.php(45): CodeIgniter\CodeIgniter->run()
#5 /home/francois/Desktop/Top SNES tracks/snestopBitBucket/snestop/site/snestop/vendor/codeigniter4/framework/system/Commands/Server/rewrite.php(34): require_once('/home/francois/...')
#6 {main}
CRITICAL - 2020-07-22 21:24:22 --> Syntax error in regular expression on line 1, character 1.
#0 /home/francois/Desktop/Top SNES tracks/snestopBitBucket/snestop/site/snestop/vendor/codeigniter4/framework/system/Database/MySQLi/Connection.php(331): mysqli->query()
#1 /home/francois/Desktop/Top SNES tracks/snestopBitBucket/snestop/site/snestop/vendor/codeigniter4/framework/system/Database/BaseConnection.php(738): CodeIgniter\Database\MySQLi\Connection->execute()
#2 /home/francois/Desktop/Top SNES tracks/snestopBitBucket/snestop/site/snestop/vendor/codeigniter4/framework/system/Database/BaseConnection.php(666): CodeIgniter\Database\BaseConnection->simpleQuery()
#3 /home/francois/Desktop/Top SNES tracks/snestopBitBucket/snestop/site/snestop/vendor/codeigniter4/framework/system/Database/BaseBuilder.php(1845): CodeIgniter\Database\BaseConnection->query()
#4 /home/francois/Desktop/Top SNES tracks/snestopBitBucket/snestop/site/snestop/app/Models/User_model.php(229): CodeIgniter\Database\BaseBuilder->get()
#5 /home/francois/Desktop/Top SNES tracks/snestopBitBucket/snestop/site/snestop/app/Controllers/Search.php(41): App\Models\User_model->search()
#6 /home/francois/Desktop/Top SNES tracks/snestopBitBucket/snestop/site/snestop/vendor/codeigniter4/framework/system/CodeIgniter.php(914): App\Controllers\Search->index()
#7 /home/francois/Desktop/Top SNES tracks/snestopBitBucket/snestop/site/snestop/vendor/codeigniter4/framework/system/CodeIgniter.php(400): CodeIgniter\CodeIgniter->runController()
#8 /home/francois/Desktop/Top SNES tracks/snestopBitBucket/snestop/site/snestop/vendor/codeigniter4/framework/system/CodeIgniter.php(308): CodeIgniter\CodeIgniter->handleRequest()
#9 /home/francois/Desktop/Top SNES tracks/snestopBitBucket/snestop/site/snestop/public/index.php(45): CodeIgniter\CodeIgniter->run()
#10 /home/francois/Desktop/Top SNES tracks/snestopBitBucket/snestop/site/snestop/vendor/codeigniter4/framework/system/Commands/Server/rewrite.php(34): require_once('/home/francois/...')
#11 {main}
