CRITICAL - 2020-07-15 19:19:28 --> syntax error, unexpected 'public' (T_PUBLIC), expecting end of file
#0 /home/francois/Desktop/Top SNES tracks/snestopBitBucket/snestop/site/snestop/vendor/codeigniter4/framework/system/Autoloader/Autoloader.php(296): CodeIgniter\Autoloader\Autoloader->requireFile()
#1 /home/francois/Desktop/Top SNES tracks/snestopBitBucket/snestop/site/snestop/vendor/codeigniter4/framework/system/Autoloader/Autoloader.php(258): CodeIgniter\Autoloader\Autoloader->loadInNamespace()
#2 [internal function]: CodeIgniter\Autoloader\Autoloader->loadClass()
#3 /home/francois/Desktop/Top SNES tracks/snestopBitBucket/snestop/site/snestop/app/Controllers/News.php(10): spl_autoload_call()
#4 /home/francois/Desktop/Top SNES tracks/snestopBitBucket/snestop/site/snestop/vendor/codeigniter4/framework/system/CodeIgniter.php(914): App\Controllers\News->index()
#5 /home/francois/Desktop/Top SNES tracks/snestopBitBucket/snestop/site/snestop/vendor/codeigniter4/framework/system/CodeIgniter.php(400): CodeIgniter\CodeIgniter->runController()
#6 /home/francois/Desktop/Top SNES tracks/snestopBitBucket/snestop/site/snestop/vendor/codeigniter4/framework/system/CodeIgniter.php(308): CodeIgniter\CodeIgniter->handleRequest()
#7 /home/francois/Desktop/Top SNES tracks/snestopBitBucket/snestop/site/snestop/public/index.php(45): CodeIgniter\CodeIgniter->run()
#8 /home/francois/Desktop/Top SNES tracks/snestopBitBucket/snestop/site/snestop/vendor/codeigniter4/framework/system/Commands/Server/rewrite.php(34): require_once('/home/francois/...')
#9 {main}
CRITICAL - 2020-07-15 20:06:34 --> Cannot call constructor
#0 /home/francois/Desktop/Top SNES tracks/snestopBitBucket/snestop/site/snestop/vendor/codeigniter4/framework/system/CodeIgniter.php(886): App\Controllers\Home->__construct()
#1 /home/francois/Desktop/Top SNES tracks/snestopBitBucket/snestop/site/snestop/vendor/codeigniter4/framework/system/CodeIgniter.php(395): CodeIgniter\CodeIgniter->createController()
#2 /home/francois/Desktop/Top SNES tracks/snestopBitBucket/snestop/site/snestop/vendor/codeigniter4/framework/system/CodeIgniter.php(308): CodeIgniter\CodeIgniter->handleRequest()
#3 /home/francois/Desktop/Top SNES tracks/snestopBitBucket/snestop/site/snestop/public/index.php(45): CodeIgniter\CodeIgniter->run()
#4 /home/francois/Desktop/Top SNES tracks/snestopBitBucket/snestop/site/snestop/vendor/codeigniter4/framework/system/Commands/Server/rewrite.php(34): require_once('/home/francois/...')
#5 {main}
CRITICAL - 2020-07-15 20:09:26 --> Call to undefined method App\Controllers\Home::getUserViewData()
#0 /home/francois/Desktop/Top SNES tracks/snestopBitBucket/snestop/site/snestop/vendor/codeigniter4/framework/system/CodeIgniter.php(914): App\Controllers\Home->index()
#1 /home/francois/Desktop/Top SNES tracks/snestopBitBucket/snestop/site/snestop/vendor/codeigniter4/framework/system/CodeIgniter.php(400): CodeIgniter\CodeIgniter->runController()
#2 /home/francois/Desktop/Top SNES tracks/snestopBitBucket/snestop/site/snestop/vendor/codeigniter4/framework/system/CodeIgniter.php(308): CodeIgniter\CodeIgniter->handleRequest()
#3 /home/francois/Desktop/Top SNES tracks/snestopBitBucket/snestop/site/snestop/public/index.php(45): CodeIgniter\CodeIgniter->run()
#4 /home/francois/Desktop/Top SNES tracks/snestopBitBucket/snestop/site/snestop/vendor/codeigniter4/framework/system/Commands/Server/rewrite.php(34): require_once('/home/francois/...')
#5 {main}
CRITICAL - 2020-07-15 20:10:54 --> Undefined property: App\Controllers\Home::$load
#0 /home/francois/Desktop/Top SNES tracks/snestopBitBucket/snestop/site/snestop/app/Controllers/Home.php(15): CodeIgniter\Debug\Exceptions->errorHandler()
#1 /home/francois/Desktop/Top SNES tracks/snestopBitBucket/snestop/site/snestop/vendor/codeigniter4/framework/system/CodeIgniter.php(914): App\Controllers\Home->index()
#2 /home/francois/Desktop/Top SNES tracks/snestopBitBucket/snestop/site/snestop/vendor/codeigniter4/framework/system/CodeIgniter.php(400): CodeIgniter\CodeIgniter->runController()
#3 /home/francois/Desktop/Top SNES tracks/snestopBitBucket/snestop/site/snestop/vendor/codeigniter4/framework/system/CodeIgniter.php(308): CodeIgniter\CodeIgniter->handleRequest()
#4 /home/francois/Desktop/Top SNES tracks/snestopBitBucket/snestop/site/snestop/public/index.php(45): CodeIgniter\CodeIgniter->run()
#5 /home/francois/Desktop/Top SNES tracks/snestopBitBucket/snestop/site/snestop/vendor/codeigniter4/framework/system/Commands/Server/rewrite.php(34): require_once('/home/francois/...')
#6 {main}
CRITICAL - 2020-07-15 20:12:32 --> Call to undefined function views_dir()
#0 /home/francois/Desktop/Top SNES tracks/snestopBitBucket/snestop/site/snestop/vendor/codeigniter4/framework/system/View/View.php(246): include()
#1 /home/francois/Desktop/Top SNES tracks/snestopBitBucket/snestop/site/snestop/vendor/codeigniter4/framework/system/Common.php(1087): CodeIgniter\View\View->render()
#2 /home/francois/Desktop/Top SNES tracks/snestopBitBucket/snestop/site/snestop/app/Controllers/Home.php(16): view()
#3 /home/francois/Desktop/Top SNES tracks/snestopBitBucket/snestop/site/snestop/vendor/codeigniter4/framework/system/CodeIgniter.php(914): App\Controllers\Home->index()
#4 /home/francois/Desktop/Top SNES tracks/snestopBitBucket/snestop/site/snestop/vendor/codeigniter4/framework/system/CodeIgniter.php(400): CodeIgniter\CodeIgniter->runController()
#5 /home/francois/Desktop/Top SNES tracks/snestopBitBucket/snestop/site/snestop/vendor/codeigniter4/framework/system/CodeIgniter.php(308): CodeIgniter\CodeIgniter->handleRequest()
#6 /home/francois/Desktop/Top SNES tracks/snestopBitBucket/snestop/site/snestop/public/index.php(45): CodeIgniter\CodeIgniter->run()
#7 /home/francois/Desktop/Top SNES tracks/snestopBitBucket/snestop/site/snestop/vendor/codeigniter4/framework/system/Commands/Server/rewrite.php(34): require_once('/home/francois/...')
#8 {main}
CRITICAL - 2020-07-15 20:13:51 --> Call to undefined function views_dir()
#0 /home/francois/Desktop/Top SNES tracks/snestopBitBucket/snestop/site/snestop/vendor/codeigniter4/framework/system/View/View.php(246): include()
#1 /home/francois/Desktop/Top SNES tracks/snestopBitBucket/snestop/site/snestop/vendor/codeigniter4/framework/system/Common.php(1087): CodeIgniter\View\View->render()
#2 /home/francois/Desktop/Top SNES tracks/snestopBitBucket/snestop/site/snestop/app/Controllers/Home.php(16): view()
#3 /home/francois/Desktop/Top SNES tracks/snestopBitBucket/snestop/site/snestop/vendor/codeigniter4/framework/system/CodeIgniter.php(914): App\Controllers\Home->index()
#4 /home/francois/Desktop/Top SNES tracks/snestopBitBucket/snestop/site/snestop/vendor/codeigniter4/framework/system/CodeIgniter.php(400): CodeIgniter\CodeIgniter->runController()
#5 /home/francois/Desktop/Top SNES tracks/snestopBitBucket/snestop/site/snestop/vendor/codeigniter4/framework/system/CodeIgniter.php(308): CodeIgniter\CodeIgniter->handleRequest()
#6 /home/francois/Desktop/Top SNES tracks/snestopBitBucket/snestop/site/snestop/public/index.php(45): CodeIgniter\CodeIgniter->run()
#7 /home/francois/Desktop/Top SNES tracks/snestopBitBucket/snestop/site/snestop/vendor/codeigniter4/framework/system/Commands/Server/rewrite.php(34): require_once('/home/francois/...')
#8 {main}
CRITICAL - 2020-07-15 20:15:11 --> CodeIgniter\View\View::main(): Failed opening required '/home/francois/Desktop/Top SNES tracks/snestopBitBucket/snestop/site/snestop/public/application/views/includes/head.php' (include_path='.:/usr/share/php')
#0 [internal function]: CodeIgniter\Debug\Exceptions->shutdownHandler()
#1 {main}
CRITICAL - 2020-07-15 20:15:52 --> CodeIgniter\View\View::main(): Failed opening required '/home/francois/Desktop/Top SNES tracks/snestopBitBucket/snestop/site/snestop/public/application/views/includes/head.php' (include_path='.:/usr/share/php')
#0 [internal function]: CodeIgniter\Debug\Exceptions->shutdownHandler()
#1 {main}
CRITICAL - 2020-07-15 20:16:48 --> CodeIgniter\View\View::main(): Failed opening required '/home/francois/Desktop/Top SNES tracks/snestopBitBucket/snestop/site/snestop/public/application/views/includes/head.php' (include_path='.:/usr/share/php')
#0 [internal function]: CodeIgniter\Debug\Exceptions->shutdownHandler()
#1 {main}
CRITICAL - 2020-07-15 20:16:50 --> CodeIgniter\View\View::main(): Failed opening required '/home/francois/Desktop/Top SNES tracks/snestopBitBucket/snestop/site/snestop/public/application/views/includes/head.php' (include_path='.:/usr/share/php')
#0 [internal function]: CodeIgniter\Debug\Exceptions->shutdownHandler()
#1 {main}
CRITICAL - 2020-07-15 20:17:41 --> CodeIgniter\View\View::main(): Failed opening required '/home/francois/Desktop/Top SNES tracks/snestopBitBucket/snestop/site/snestop/public/application/views/includes/head.php' (include_path='.:/usr/share/php')
#0 [internal function]: CodeIgniter\Debug\Exceptions->shutdownHandler()
#1 {main}
CRITICAL - 2020-07-15 20:17:42 --> CodeIgniter\View\View::main(): Failed opening required '/home/francois/Desktop/Top SNES tracks/snestopBitBucket/snestop/site/snestop/public/application/views/includes/head.php' (include_path='.:/usr/share/php')
#0 [internal function]: CodeIgniter\Debug\Exceptions->shutdownHandler()
#1 {main}
CRITICAL - 2020-07-15 20:18:16 --> CodeIgniter\View\View::main(): Failed opening required '/home/francois/Desktop/Top SNES tracks/snestopBitBucket/snestop/site/snestop/public/app/Views/includes/head.php' (include_path='.:/usr/share/php')
#0 [internal function]: CodeIgniter\Debug\Exceptions->shutdownHandler()
#1 {main}
CRITICAL - 2020-07-15 20:20:00 --> CodeIgniter\View\View::main(): Failed opening required 'http://localhost:8080/app/Views/includes/head.php' (include_path='.:/usr/share/php')
#0 [internal function]: CodeIgniter\Debug\Exceptions->shutdownHandler()
#1 {main}
CRITICAL - 2020-07-15 20:20:19 --> CodeIgniter\View\View::main(): Failed opening required '/home/francois/Desktop/Top SNES tracks/snestopBitBucket/snestop/site/snestop/public/app/Views/includes/head.php' (include_path='.:/usr/share/php')
#0 [internal function]: CodeIgniter\Debug\Exceptions->shutdownHandler()
#1 {main}
CRITICAL - 2020-07-15 20:21:33 --> Undefined property: CodeIgniter\View\View::$load
#0 /home/francois/Desktop/Top SNES tracks/snestopBitBucket/snestop/site/snestop/app/Views/template.php(5): CodeIgniter\Debug\Exceptions->errorHandler()
#1 /home/francois/Desktop/Top SNES tracks/snestopBitBucket/snestop/site/snestop/vendor/codeigniter4/framework/system/View/View.php(246): include('/home/francois/...')
#2 /home/francois/Desktop/Top SNES tracks/snestopBitBucket/snestop/site/snestop/vendor/codeigniter4/framework/system/Common.php(1087): CodeIgniter\View\View->render()
#3 /home/francois/Desktop/Top SNES tracks/snestopBitBucket/snestop/site/snestop/app/Controllers/Home.php(18): view()
#4 /home/francois/Desktop/Top SNES tracks/snestopBitBucket/snestop/site/snestop/vendor/codeigniter4/framework/system/CodeIgniter.php(914): App\Controllers\Home->index()
#5 /home/francois/Desktop/Top SNES tracks/snestopBitBucket/snestop/site/snestop/vendor/codeigniter4/framework/system/CodeIgniter.php(400): CodeIgniter\CodeIgniter->runController()
#6 /home/francois/Desktop/Top SNES tracks/snestopBitBucket/snestop/site/snestop/vendor/codeigniter4/framework/system/CodeIgniter.php(308): CodeIgniter\CodeIgniter->handleRequest()
#7 /home/francois/Desktop/Top SNES tracks/snestopBitBucket/snestop/site/snestop/public/index.php(45): CodeIgniter\CodeIgniter->run()
#8 /home/francois/Desktop/Top SNES tracks/snestopBitBucket/snestop/site/snestop/vendor/codeigniter4/framework/system/Commands/Server/rewrite.php(34): require_once('/home/francois/...')
#9 {main}
CRITICAL - 2020-07-15 20:22:04 --> Call to undefined function form_open()
#0 /home/francois/Desktop/Top SNES tracks/snestopBitBucket/snestop/site/snestop/vendor/codeigniter4/framework/system/View/View.php(246): include()
#1 /home/francois/Desktop/Top SNES tracks/snestopBitBucket/snestop/site/snestop/vendor/codeigniter4/framework/system/Common.php(1087): CodeIgniter\View\View->render()
#2 /home/francois/Desktop/Top SNES tracks/snestopBitBucket/snestop/site/snestop/app/Controllers/Home.php(18): view()
#3 /home/francois/Desktop/Top SNES tracks/snestopBitBucket/snestop/site/snestop/vendor/codeigniter4/framework/system/CodeIgniter.php(914): App\Controllers\Home->index()
#4 /home/francois/Desktop/Top SNES tracks/snestopBitBucket/snestop/site/snestop/vendor/codeigniter4/framework/system/CodeIgniter.php(400): CodeIgniter\CodeIgniter->runController()
#5 /home/francois/Desktop/Top SNES tracks/snestopBitBucket/snestop/site/snestop/vendor/codeigniter4/framework/system/CodeIgniter.php(308): CodeIgniter\CodeIgniter->handleRequest()
#6 /home/francois/Desktop/Top SNES tracks/snestopBitBucket/snestop/site/snestop/public/index.php(45): CodeIgniter\CodeIgniter->run()
#7 /home/francois/Desktop/Top SNES tracks/snestopBitBucket/snestop/site/snestop/vendor/codeigniter4/framework/system/Commands/Server/rewrite.php(34): require_once('/home/francois/...')
#8 {main}
CRITICAL - 2020-07-15 20:23:55 --> Undefined variable: news
#0 /home/francois/Desktop/Top SNES tracks/snestopBitBucket/snestop/site/snestop/app/Views/home.php(17): CodeIgniter\Debug\Exceptions->errorHandler()
#1 /home/francois/Desktop/Top SNES tracks/snestopBitBucket/snestop/site/snestop/app/Views/template.php(135): require_once('/home/francois/...')
#2 /home/francois/Desktop/Top SNES tracks/snestopBitBucket/snestop/site/snestop/vendor/codeigniter4/framework/system/View/View.php(246): include('/home/francois/...')
#3 /home/francois/Desktop/Top SNES tracks/snestopBitBucket/snestop/site/snestop/vendor/codeigniter4/framework/system/Common.php(1087): CodeIgniter\View\View->render()
#4 /home/francois/Desktop/Top SNES tracks/snestopBitBucket/snestop/site/snestop/app/Controllers/Home.php(18): view()
#5 /home/francois/Desktop/Top SNES tracks/snestopBitBucket/snestop/site/snestop/vendor/codeigniter4/framework/system/CodeIgniter.php(914): App\Controllers\Home->index()
#6 /home/francois/Desktop/Top SNES tracks/snestopBitBucket/snestop/site/snestop/vendor/codeigniter4/framework/system/CodeIgniter.php(400): CodeIgniter\CodeIgniter->runController()
#7 /home/francois/Desktop/Top SNES tracks/snestopBitBucket/snestop/site/snestop/vendor/codeigniter4/framework/system/CodeIgniter.php(308): CodeIgniter\CodeIgniter->handleRequest()
#8 /home/francois/Desktop/Top SNES tracks/snestopBitBucket/snestop/site/snestop/public/index.php(45): CodeIgniter\CodeIgniter->run()
#9 /home/francois/Desktop/Top SNES tracks/snestopBitBucket/snestop/site/snestop/vendor/codeigniter4/framework/system/Commands/Server/rewrite.php(34): require_once('/home/francois/...')
#10 {main}
CRITICAL - 2020-07-15 20:24:32 --> Undefined variable: news
#0 /home/francois/Desktop/Top SNES tracks/snestopBitBucket/snestop/site/snestop/app/Views/home.php(17): CodeIgniter\Debug\Exceptions->errorHandler()
#1 /home/francois/Desktop/Top SNES tracks/snestopBitBucket/snestop/site/snestop/app/Views/template.php(135): require_once('/home/francois/...')
#2 /home/francois/Desktop/Top SNES tracks/snestopBitBucket/snestop/site/snestop/vendor/codeigniter4/framework/system/View/View.php(246): include('/home/francois/...')
#3 /home/francois/Desktop/Top SNES tracks/snestopBitBucket/snestop/site/snestop/vendor/codeigniter4/framework/system/Common.php(1087): CodeIgniter\View\View->render()
#4 /home/francois/Desktop/Top SNES tracks/snestopBitBucket/snestop/site/snestop/app/Controllers/Home.php(18): view()
#5 /home/francois/Desktop/Top SNES tracks/snestopBitBucket/snestop/site/snestop/vendor/codeigniter4/framework/system/CodeIgniter.php(914): App\Controllers\Home->index()
#6 /home/francois/Desktop/Top SNES tracks/snestopBitBucket/snestop/site/snestop/vendor/codeigniter4/framework/system/CodeIgniter.php(400): CodeIgniter\CodeIgniter->runController()
#7 /home/francois/Desktop/Top SNES tracks/snestopBitBucket/snestop/site/snestop/vendor/codeigniter4/framework/system/CodeIgniter.php(308): CodeIgniter\CodeIgniter->handleRequest()
#8 /home/francois/Desktop/Top SNES tracks/snestopBitBucket/snestop/site/snestop/public/index.php(45): CodeIgniter\CodeIgniter->run()
#9 /home/francois/Desktop/Top SNES tracks/snestopBitBucket/snestop/site/snestop/vendor/codeigniter4/framework/system/Commands/Server/rewrite.php(34): require_once('/home/francois/...')
#10 {main}
CRITICAL - 2020-07-15 20:25:15 --> Call to undefined function validation_errors()
#0 /home/francois/Desktop/Top SNES tracks/snestopBitBucket/snestop/site/snestop/app/Views/includes/playlist_dialogs.php(3): require_once()
#1 /home/francois/Desktop/Top SNES tracks/snestopBitBucket/snestop/site/snestop/app/Views/template.php(137): require_once('/home/francois/...')
#2 /home/francois/Desktop/Top SNES tracks/snestopBitBucket/snestop/site/snestop/vendor/codeigniter4/framework/system/View/View.php(246): include('/home/francois/...')
#3 /home/francois/Desktop/Top SNES tracks/snestopBitBucket/snestop/site/snestop/vendor/codeigniter4/framework/system/Common.php(1087): CodeIgniter\View\View->render()
#4 /home/francois/Desktop/Top SNES tracks/snestopBitBucket/snestop/site/snestop/app/Controllers/Home.php(18): view()
#5 /home/francois/Desktop/Top SNES tracks/snestopBitBucket/snestop/site/snestop/vendor/codeigniter4/framework/system/CodeIgniter.php(914): App\Controllers\Home->index()
#6 /home/francois/Desktop/Top SNES tracks/snestopBitBucket/snestop/site/snestop/vendor/codeigniter4/framework/system/CodeIgniter.php(400): CodeIgniter\CodeIgniter->runController()
#7 /home/francois/Desktop/Top SNES tracks/snestopBitBucket/snestop/site/snestop/vendor/codeigniter4/framework/system/CodeIgniter.php(308): CodeIgniter\CodeIgniter->handleRequest()
#8 /home/francois/Desktop/Top SNES tracks/snestopBitBucket/snestop/site/snestop/public/index.php(45): CodeIgniter\CodeIgniter->run()
#9 /home/francois/Desktop/Top SNES tracks/snestopBitBucket/snestop/site/snestop/vendor/codeigniter4/framework/system/Commands/Server/rewrite.php(34): require_once('/home/francois/...')
#10 {main}
CRITICAL - 2020-07-15 20:29:00 --> Call to undefined function validation_errors()
#0 /home/francois/Desktop/Top SNES tracks/snestopBitBucket/snestop/site/snestop/app/Views/includes/playlist_dialogs.php(3): require_once()
#1 /home/francois/Desktop/Top SNES tracks/snestopBitBucket/snestop/site/snestop/app/Views/template.php(137): require_once('/home/francois/...')
#2 /home/francois/Desktop/Top SNES tracks/snestopBitBucket/snestop/site/snestop/vendor/codeigniter4/framework/system/View/View.php(246): include('/home/francois/...')
#3 /home/francois/Desktop/Top SNES tracks/snestopBitBucket/snestop/site/snestop/vendor/codeigniter4/framework/system/Common.php(1087): CodeIgniter\View\View->render()
#4 /home/francois/Desktop/Top SNES tracks/snestopBitBucket/snestop/site/snestop/app/Controllers/Home.php(18): view()
#5 /home/francois/Desktop/Top SNES tracks/snestopBitBucket/snestop/site/snestop/vendor/codeigniter4/framework/system/CodeIgniter.php(914): App\Controllers\Home->index()
#6 /home/francois/Desktop/Top SNES tracks/snestopBitBucket/snestop/site/snestop/vendor/codeigniter4/framework/system/CodeIgniter.php(400): CodeIgniter\CodeIgniter->runController()
#7 /home/francois/Desktop/Top SNES tracks/snestopBitBucket/snestop/site/snestop/vendor/codeigniter4/framework/system/CodeIgniter.php(308): CodeIgniter\CodeIgniter->handleRequest()
#8 /home/francois/Desktop/Top SNES tracks/snestopBitBucket/snestop/site/snestop/public/index.php(45): CodeIgniter\CodeIgniter->run()
#9 /home/francois/Desktop/Top SNES tracks/snestopBitBucket/snestop/site/snestop/vendor/codeigniter4/framework/system/Commands/Server/rewrite.php(34): require_once('/home/francois/...')
#10 {main}
CRITICAL - 2020-07-15 20:29:38 --> Call to undefined function form_error()
#0 /home/francois/Desktop/Top SNES tracks/snestopBitBucket/snestop/site/snestop/app/Views/includes/playlist_dialogs.php(3): require_once()
#1 /home/francois/Desktop/Top SNES tracks/snestopBitBucket/snestop/site/snestop/app/Views/template.php(137): require_once('/home/francois/...')
#2 /home/francois/Desktop/Top SNES tracks/snestopBitBucket/snestop/site/snestop/vendor/codeigniter4/framework/system/View/View.php(246): include('/home/francois/...')
#3 /home/francois/Desktop/Top SNES tracks/snestopBitBucket/snestop/site/snestop/vendor/codeigniter4/framework/system/Common.php(1087): CodeIgniter\View\View->render()
#4 /home/francois/Desktop/Top SNES tracks/snestopBitBucket/snestop/site/snestop/app/Controllers/Home.php(18): view()
#5 /home/francois/Desktop/Top SNES tracks/snestopBitBucket/snestop/site/snestop/vendor/codeigniter4/framework/system/CodeIgniter.php(914): App\Controllers\Home->index()
#6 /home/francois/Desktop/Top SNES tracks/snestopBitBucket/snestop/site/snestop/vendor/codeigniter4/framework/system/CodeIgniter.php(400): CodeIgniter\CodeIgniter->runController()
#7 /home/francois/Desktop/Top SNES tracks/snestopBitBucket/snestop/site/snestop/vendor/codeigniter4/framework/system/CodeIgniter.php(308): CodeIgniter\CodeIgniter->handleRequest()
#8 /home/francois/Desktop/Top SNES tracks/snestopBitBucket/snestop/site/snestop/public/index.php(45): CodeIgniter\CodeIgniter->run()
#9 /home/francois/Desktop/Top SNES tracks/snestopBitBucket/snestop/site/snestop/vendor/codeigniter4/framework/system/Commands/Server/rewrite.php(34): require_once('/home/francois/...')
#10 {main}
